<?xml version="1.0" encoding="UTF-8"?>
<testsuite name="com.thoughtworks.collection.InverseReduceTest" tests="1" skipped="0" failures="0" errors="0" timestamp="2018-04-09T12:19:00" hostname="DESKTOP-Q8J7T3P" time="1.032">
  <properties/>
  <testcase name="should_be_divided_to_smaller_number" classname="com.thoughtworks.collection.InverseReduceTest" time="1.032"/>
  <system-out><![CDATA[2
]]></system-out>
  <system-err><![CDATA[]]></system-err>
</testsuite>
